success
success
number of words is 273
empty 0
correct
correct
failure
success
A ACCOMPLICES ADDED ADDITION ADVERTISING AFTER AIRPORT ALL ALONG ALSO AN AND ANIMATION ANOTHER ANY APPLY APPREHEND APPROPRIATE ARE AROUND ARREST AS ASSIGNMENT AT ATLAS ATLASES ATTENTION AWAY BACHS BASED BECOME BEEN BEFORE BEHIND BERLIN BEST BLACK BONUS BORING BOTH BOX BRODERBUND BUT BY CALL CARD CARMEN CATCH CATCHING CHARACTERISTICS CHASE CHIEF CLAIMS CLUES COLLECTION COLOR COMMITTED COMPATIBILITY COMPUTER CONSOLE COUNTRIES COUNTRY CREATED CRIME CRIMINAL CROOK DAY DEPICTED DESCRIBING DESCRIPTION DETAIL DETAILS DISK DISPLAY DISTRIBUTED DOCUMENTATION DONT DRAWINGS DRIVES EACH EAST EDUCATIONAL EFFECTS ELEVEN ENTER ETC EUROPE EVEN EXCELLENT EXIST FAVORITE FIGURE FIND FINE FIVE FLIGHT FLOPPY FOLLOW FOR FROM FUN GAME GAMEPLAY GAMES GENDER GEOGRAPHY GERMANY GET GOING GOOD GRAPHICS GREAT GUMSHOE HAIR HARD HARPSICHORD HAS HAVE HEAD HEAR HELP HERSELF HIDEOUT HIM HIS HUNDRED I IF II IN INCLUDES INFORMATION INTERESTING INTERFACE INTO IS IT ITS IVE JUST KEY KEYBOARD KILOBYTE KILOBYTES LEFT LOOKS LOSE LOVE LUCK MAC MACHINES MACINTOSH MACS MAKE MALE MANUAL MAP MASKED MAYBE MCNALLY MIGHT MINIMUM MONDAY MORE MOST MOVIE MUST NAME NEED NEW NOT OBJECT OF OFFERS OFFICE ON ONE ONLY OPERATIONAL OR OTHER OUT PAYS PHONE PICK PICTURE PIECE PLACES PLANE PLAYER PLAYERS PLAYS PLUS PM PROGRAM PROTECTION PROVIDES PUBLISHED QUICK RAM RAND RECEIVED REFERENCE REGARDING REQUIRE REQUIRES REVIEW RIGHT RINGING RUNS RUSH SANDIEGO SANDIEGOS SEQUENCES SHORT SHOULD SIGN SINGLE SMALL SMOOTH SO SOME SOUND SPECIFICALLY START STARTED STOLEN SWEAR TEACHING TELEPHONE TEST THAN THAT THE THEM THERES THESE THIEF THIS TIME TO TOO TRACK TWELVE TWENTY TWO UNABLE UNDERSTATEMENT UNTIL UP USE USER USES VALID VARIOUS VERSION WALK WARRANT WAS WELL WHERE WHICH WHILE WHITE WILL WITH WORK WORKS YOU YOULL YOUNG YOUR
DETAIL DETAILS
failure
failure
number of words is 272
MORE
correct
number of words is 272
A ACCOMPLICES ADDED ADDITION ADVERTISING AFTER AIRPORT ALL ALONG ALSO AN AND ANIMATION ANOTHER ANY APPLY APPREHEND APPROPRIATE ARE AROUND ARREST AS ASSIGNMENT AT ATLAS ATLASES ATTENTION AWAY BACHS BASED BECOME BEEN BEFORE BEHIND BERLIN BEST BLACK BONUS BORING BOTH BOX BRODERBUND BUT BY CALL CARD CARMEN CATCH CATCHING CHARACTERISTICS CHASE CHIEF CLAIMS CLUES COLLECTION COLOR COMMITTED COMPATIBILITY COMPUTER CONSOLE COUNTRIES COUNTRY CREATED CRIME CRIMINAL CROOK DAY DEPICTED DESCRIBING DESCRIPTION DETAIL DETAILS DISK DISPLAY DISTRIBUTED DOCUMENTATION DONT DRAWINGS DRIVES EACH EAST EDUCATIONAL EFFECTS ELEVEN ENTER ETC EUROPE EVEN EXCELLENT EXIST FAVORITE FIGURE FIND FINE FIVE FLIGHT FLOPPY FOLLOW FOR FROM FUN GAME GAMEPLAY GAMES GENDER GEOGRAPHY GERMANY GET GOING GOOD GRAPHICS GREAT GUMSHOE HAIR HARD HARPSICHORD HAS HAVE HEAD HEAR HELP HERSELF HIDEOUT HIM HIS HUNDRED I IF II IN INCLUDES INFORMATION INTERESTING INTERFACE INTO IS IT ITS IVE JUST KEY KEYBOARD KILOBYTE KILOBYTES LEFT LOOKS LOSE LOVE LUCK MAC MACHINES MACINTOSH MACS MAKE MALE MANUAL MAP MASKED MAYBE MCNALLY MIGHT MINIMUM MONDAY MORE MOST MOVIE MUST NAME NEED NEW NOT OBJECT OF OFFERS OFFICE ON ONE ONLY OPERATIONAL OR OTHER OUT PAYS PHONE PICK PICTURE PIECE PLACES PLANE PLAYER PLAYERS PLAYS PLUS PM PROGRAM PROTECTION PROVIDES PUBLISHED QUICK RAM RAND RECEIVED REFERENCE REGARDING REQUIRE REQUIRES REVIEW RIGHT RINGING RUNS RUSH SANDIEGO SANDIEGOS SEQUENCES SHORT SHOULD SIGN SINGLE SMALL SMOOTH SO SOME SOUND SPECIFICALLY START STARTED STOLEN SWEAR TEACHING TELEPHONE TEST THAN THAT THE THEM THERES THESE THIEF THIS TIME TO TOO TRACK TWELVE TWENTY TWO UNABLE UNDERSTATEMENT UNTIL UP USE USER USES VALID VARIOUS VERSION WALK WARRANT WAS WELL WHERE WHICH WHILE WHITE WILL WITH WORK WORKS YOU YOULL YOUNG YOUR
empty 0
count is 4
success
A ACCOMPLICES ADDED ADDITION ADVERTISING AFTER AIRPORT ALL ALONG ALSO AN AND ANIMATION ANOTHER ANY APPLY APPREHEND APPROPRIATE ARE AROUND ARREST AS ASSIGNMENT AT ATLAS ATLASES ATTENTION AWAY BACHS BASED BECOME BEEN BEFORE BEHIND BERLIN BEST BLACK BONUS BORING BOTH BOX BRODERBUND BUT BY CALL CARD CARMEN CATCH CATCHING CHARACTERISTICS CHASE CHIEF CLAIMS CLUES COLLECTION COLOR COMMITTED COMPATIBILITY COMPUTER CONSOLE COUNTRIES COUNTRY CREATED CRIME CRIMINAL CROOK DAY DEPICTED DESCRIBING DESCRIPTION DETAIL DETAILS DISK DISPLAY DISTRIBUTED DOCUMENTATION DONT DRAWINGS DRIVES EACH EAST EDUCATIONAL EFFECTS ELEVEN ENTER ETC EUROPE EVEN EVENMOREWORDS EXCELLENT EXIST FAVORITE FIGURE FIND FINE FIVE FLIGHT FLOPPY FOLLOW FOR FROM FUN GAME GAMEPLAY GAMES GENDER GEOGRAPHY GERMANY GET GOING GOOD GRAPHICS GREAT GUMSHOE HAIR HARD HARPSICHORD HAS HAVE HEAD HEAR HELP HERSELF HIDEOUT HIM HIS HUNDRED I IF II IN INCLUDES INFORMATION INTERESTING INTERFACE INTO IS IT ITS IVE JUST KEY KEYBOARD KILOBYTE KILOBYTES LEFT LOOKS LOSE LOVE LUCK MAC MACHINES MACINTOSH MACS MAKE MALE MANUAL MAP MASKED MAYBE MCNALLY MIGHT MINIMUM MONDAY MORE MOST MOVIE MUST NAME NEED NEW NOT OBJECT OF OFFERS OFFICE ON ONE ONLY OPERATIONAL OR OTHER OUT PAYS PHONE PICK PICTURE PIECE PLACES PLANE PLAYER PLAYERS PLAYS PLUS PM PROGRAM PROTECTION PROVIDES PUBLISHED QUICK RAM RAND RECEIVED REFERENCE REGARDING REQUIRE REQUIRES REVIEW RIGHT RINGING RUNS RUSH SANDIEGO SANDIEGOS SEQUENCES SHORT SHOULD SIGN SINGLE SMALL SMOOTH SO SOME SOUND SPECIFICALLY START STARTED STOLEN SWEAR TEACHING TELEPHONE TEST THAN THAT THE THEM THERES THESE THIEF THIS TIME TO TOO TRACK TWELVE TWENTY TWO UNABLE UNDERSTATEMENT UNTIL UP USE USER USES VALID VARIOUS VERSION WALK WARRANT WAS WELL WHERE WHICH WHILE WHITE WILL WITH WORK WORKS YOU YOULL YOUNG YOUR
empty 0
count is 10
failure
A ACCOMPLICES ADDED ADDITION ADVERTISING AFTER AIRPORT ALL ALONG ALSO AN AND ANIMATION ANOTHER ANY APPLY APPREHEND APPROPRIATE ARE AROUND ARREST AS ASSIGNMENT AT ATLAS ATLASES ATTENTION AWAY BACHS BASED BECOME BEEN BEFORE BEHIND BERLIN BEST BLACK BONUS BORING BOTH BOX BRODERBUND BUT BY CALL CARD CARMEN CATCH CATCHING CHARACTERISTICS CHASE CHIEF CLAIMS CLUES COLLECTION COLOR COMMITTED COMPATIBILITY COMPUTER CONSOLE COUNTRIES COUNTRY CREATED CRIME CRIMINAL CROOK DAY DEPICTED DESCRIBING DESCRIPTION DETAIL DETAILS DISK DISPLAY DISTRIBUTED DOCUMENTATION DONT DRAWINGS DRIVES EACH EAST EDUCATIONAL EFFECTS ELEVEN ENTER ETC EUROPE EVEN EVENMOREWORDS EXCELLENT EXIST FAVORITE FIGURE FIND FINE FIVE FLIGHT FLOPPY FOLLOW FOR FROM FUN GAME GAMEPLAY GAMES GENDER GEOGRAPHY GERMANY GET GOING GOOD GRAPHICS GREAT GUMSHOE HAIR HARD HARPSICHORD HAS HAVE HEAD HEAR HELP HERSELF HIDEOUT HIM HIS HUNDRED I IF II IN INCLUDES INFORMATION INTERESTING INTERFACE INTO IS IT ITS IVE JUST KEY KEYBOARD KILOBYTE KILOBYTES LEFT LOOKS LOSE LOVE LUCK MAC MACHINES MACINTOSH MACS MAKE MALE MANUAL MAP MASKED MAYBE MCNALLY MIGHT MINIMUM MONDAY MORE MOST MOVIE MUST NAME NEED NEW NOT OBJECT OF OFFERS OFFICE ON ONE ONLY OPERATIONAL OR OTHER OUT PAYS PHONE PICK PICTURE PIECE PLACES PLANE PLAYER PLAYERS PLAYS PLUS PM PROGRAM PROTECTION PROVIDES PUBLISHED QUICK RAM RAND RECEIVED REFERENCE REGARDING REQUIRE REQUIRES REVIEW RIGHT RINGING RUNS RUSH SANDIEGO SANDIEGOS SEQUENCES SHORT SHOULD SIGN SINGLE SMALL SMOOTH SO SOME SOUND SPECIFICALLY START STARTED STOLEN SWEAR TEACHING TELEPHONE TEST THAN THAT THE THEM THERES THESE THIEF THIS TIME TO TOO TRACK TWELVE TWENTY TWO UNABLE UNDERSTATEMENT UNTIL UP USE USER USES VALID VARIOUS VERSION WALK WARRANT WAS WELL WHERE WHICH WHILE WHITE WILL WITH WORK WORKS YOU YOULL YOUNG YOUR
failure
count is 2
PAYS PHONE PICK PICTURE PIECE PLACES PLANE PLAYER PLAYERS PLAYS PLUS PM PROGRAM PROTECTION PROVIDES PUBLISHED
success
success
empty 0
number of words is 275
A ACCOMPLICES ADDED ADDITION ADVERTISING AFTER AIRPORT ALL ALONG ALSO AN AND ANDY ANIMATION ANOTHER ANY APPLY APPREHEND APPROPRIATE ARE AROUND ARREST AS ASSIGNMENT AT ATLAS ATLASES ATTENTION AWAY BACHS BASED BECOME BEEN BEFORE BEHIND BERLIN BEST BLACK BONUS BORING BOTH BOX BRODERBUND BUT BY CALL CARD CARMEN CATCH CATCHING CHARACTERISTICS CHASE CHIEF CLAIMS CLUES COLLECTION COLOR COMMITTED COMPATIBILITY COMPUTER CONSOLE COUNTRIES COUNTRY CREATED CRIME CRIMINAL CROOK DAY DEPICTED DESCRIBING DESCRIPTION DETAIL DETAILS DETECTIVE DISK DISPLAY DISTRIBUTED DOCUMENTATION DONT DRAWINGS DRIVES EACH EAST EDUCATIONAL EFFECTS ELEVEN ENTER ETC EUROPE EVEN EVENMOREWORDS EXCELLENT EXIST FAVORITE FIGURE FIND FINE FIVE FLIGHT FLOPPY FOLLOW FOR FROM FUN GAME GAMEPLAY GAMES GENDER GEOGRAPHY GERMANY GET GOING GOOD GRAPHICS GREAT GUMSHOE HAIR HARD HARPSICHORD HAS HAVE HEAD HEAR HELP HERSELF HIDEOUT HIM HIS HUNDRED I IF II IN INCLUDES INFORMATION INTERESTING INTERFACE INTO IS IT ITS IVE JUST KEY KEYBOARD KILOBYTE KILOBYTES LEFT LOOKS LOSE LOVE LUCK MAC MACHINES MACINTOSH MACS MAKE MALE MANUAL MAP MASKED MAYBE MCNALLY MIGHT MINIMUM MONDAY MORE MOST MOVIE MUST NAME NEED NEW NOT OBJECT OF OFFERS OFFICE ON ONE ONLY OPERATIONAL OR OTHER OUT PAYS PHONE PICK PICTURE PIECE PLACES PLANE PLAYER PLAYERS PLAYS PLUS PM PROGRAM PROTECTION PROVIDES PUBLISHED QUICK RAM RAND RECEIVED REFERENCE REGARDING REQUIRE REQUIRES REVIEW RIGHT RINGING RUNS RUSH SANDIEGO SANDIEGOS SEQUENCES SHORT SHOULD SIGN SINGLE SMALL SMOOTH SO SOME SOUND SPECIFICALLY START STARTED STOLEN SWEAR TEACHING TELEPHONE TEST THAN THAT THE THEM THERES THESE THIEF THIS TIME TO TOO TRACK TWELVE TWENTY TWO UNABLE UNDERSTATEMENT UNTIL UP USE USER USES VALID VARIOUS VERSION WALK WARRANT WAS WELL WHERE WHICH WHILE WHITE WILL WITH WORK WORKS YOU YOULL YOUNG YOUR
correct
failure
empty 0
empty 0
A ACCOMPLICES ADDED ADDITION ADVERTISING AFTER AIRPORT ALL ALONG ALSO AN AND ANDY ANIMATION ANOTHER ANY APPLY APPREHEND APPROPRIATE ARE AROUND ARREST AS ASSIGNMENT AT ATLAS ATLASES ATTENTION AWAY BACHS BASED BECOME BEEN BEFORE BEHIND BERLIN BEST BLACK BONUS BORING BOTH BOX BRODERBUND BUT BY CALL CARD CARMEN CATCH CATCHING CHARACTERISTICS CHASE CHIEF CLAIMS CLUES COLLECTION COLOR COMMITTED COMPATIBILITY COMPUTER CONSOLE COUNTRIES COUNTRY CREATED CRIME CRIMINAL CROOK DAY DEPICTED DESCRIBING DESCRIPTION DETAIL DETAILS DETECTIVE DISK DISPLAY DISTRIBUTED DOCUMENTATION DONT DRAWINGS DRIVES EACH EAST EDUCATIONAL EFFECTS ELEVEN ENTER ETC EUROPE EVEN EVENMOREWORDS EXCELLENT EXIST FAVORITE FIGURE FIND FINE FIVE FLIGHT FLOPPY FOLLOW FOR FROM FUN GAME GAMEPLAY GAMES GENDER GEOGRAPHY GERMANY GET GOING GOOD GRAPHICS GREAT GUMSHOE HAIR HARD HARPSICHORD HAS HAVE HEAD HEAR HELP HERSELF HIDEOUT HIM HIS HUNDRED I IF II IN INCLUDES INFORMATION INTERESTING INTERFACE INTO IS IT ITS IVE JUST KEY KEYBOARD KILOBYTE KILOBYTES LEFT LOOKS LOSE LOVE LUCK MAC MACHINES MACINTOSH MACS MAKE MALE MANUAL MAP MASKED MAYBE MCNALLY MIGHT MINIMUM MONDAY MORE MOST MOVIE MUST NAME NEED NEW NOT OBJECT OF OFFERS OFFICE ON ONE ONLY OPERATIONAL OR OTHER OUT PAYS PHONE PICK PICTURE PIECE PLACES PLANE PLAYER PLAYERS PLAYS PLUS PM PROGRAM PROTECTION PROVIDES PUBLISHED QUICK RAM RAND RECEIVED REFERENCE REGARDING REQUIRE REQUIRES REVIEW RIGHT RINGING RUNS RUSH SANDIEGO SANDIEGOS SEQUENCES SHORT SHOULD SIGN SINGLE SMALL SMOOTH SO SOME SOUND SPECIFICALLY START STARTED STOLEN SWEAR TEACHING TELEPHONE TEST THAN THAT THE THEM THERES THESE THIEF THIS TIME TO TOO TRACK TWELVE TWENTY TWO UNABLE UNDERSTATEMENT UNTIL UP USE USER USES VALID VARIOUS VERSION WALK WARRANT WAS WELL WHERE WHICH WHILE WHITE WILL WITH WORK WORKS YOU YOULL YOUNG YOUR
number of words is 275
failure
correct
count is 4
success
count is 4
FIND FINE
success
failure
correct
not found
count is 5
A ACCOMPLICES ADDED ADDITION ADVERTISING AFTER AIRPORT ALL ALONG ALSO AN AND ANDY ANIMATION ANOTHER ANY APPLY APPREHEND APPROPRIATE ARE AROUND ARREST AS ASSIGNMENT AT ATLAS ATLASES ATTENTION AWAY BACHS BASED BECOME BEEN BEFORE BEHIND BERLIN BEST BLACK BONUS BORING BOTH BOX BRODERBUND BUT BY CALL CARD CARMEN CATCH CATCHING CHARACTERISTICS CHASE CHIEF CLAIMS CLUES COLLECTION COLOR COMMITTED COMPATIBILITY COMPUTER CONSOLE COUNTRIES COUNTRY CREATED CRIME CRIMINAL CROOK DAY DEPICTED DESCRIBING DESCRIPTION DETAIL DETAILS DISK DISPLAY DISTRIBUTED DOCUMENTATION DONT DRAWINGS DRIVES EACH EAST EDUCATIONAL EFFECTS ELEVEN ENTER ETC EUROPE EVEN EVENMOREWORDS EXCELLENT EXIST FAVORITE FIGURE FIND FINE FIVE FLIGHT FLOPPY FOLLOW FOR FROM FUN GAME GAMEPLAY GAMES GENDER GEOGRAPHY GERMANY GET GOING GOOD GRAPHICS GREAT GUMSHOE HAIR HARD HARPSICHORD HAS HAVE HEAD HEAR HELP HERSELF HIDEOUT HIM HIS HUNDRED I IF II IN INCLUDES INFORMATION INTERESTING INTERFACE INTO IS IT ITS IVE JUST KEY KEYBOARD KILOBYTE KILOBYTES LEFT LOOKS LOSE LOVE LUCK MAC MACHINES MACINTOSH MACS MAKE MALE MANUAL MAP MAYBE MCNALLY MIGHT MINIMUM MONDAY MORE MOST MOVIE MUST NAME NEED NEW NOT OBJECT OF OFFERS OFFICE ON ONE ONLY OPERATIONAL OR OTHER OUT PAYS PHONE PICK PICTURE PIECE PLACES PLANE PLAYER PLAYERS PLAYS PLUS PM PROGRAM PROTECTION PROVIDES PUBLISHED QUICK RAM RAND RECEIVED REFERENCE REGARDING REQUIRE REQUIRES REVIEW RIGHT RINGING RUNS RUSH SANDIEGO SANDIEGOS SEQUENCES SHORT SHOULD SIGN SINGLE SMALL SMOOTH SO SOME SOUND SPECIFICALLY START STARTED STOLEN SWEAR TEACHING TELEPHONE TEST THAN THAT THE THEM THERES THESE THIEF THIS TIME TO TOO TRACK TWELVE TWENTY TWO UNABLE UNDERSTATEMENT UNTIL UP USE USER USES VALID VARIOUS VERSION WALK WARRANT WAS WELL WHERE WHICH WHILE WHITE WILL WITH WORK WORKS YOU YOULL YOUNG YOUR
failure
failure
number of words is 273
count is 2
number of words is 273
number of words is 273
count is 4
failure
not found
failure
count is 1
number of words is 273
number of words is 273
success
number of words is 274
failure
A ACCOMPLICES ADDED ADDITION ADVERTISING AFTER AIRPORT ALL ALONG ALSO AN AND ANDY ANIMATION ANOTHER ANOTHERWORD ANY APPLY APPREHEND APPROPRIATE ARE AROUND ARREST AS ASSIGNMENT AT ATLAS ATLASES ATTENTION AWAY BACHS BASED BECOME BEEN BEFORE BEHIND BERLIN BEST BLACK BONUS BORING BOTH BOX BRODERBUND BUT BY CALL CARD CARMEN CATCH CATCHING CHARACTERISTICS CHASE CHIEF CLAIMS CLUES COLLECTION COLOR COMMITTED COMPATIBILITY COMPUTER CONSOLE COUNTRIES COUNTRY CREATED CRIME CRIMINAL CROOK DAY DEPICTED DESCRIBING DESCRIPTION DETAIL DETAILS DISK DISPLAY DISTRIBUTED DOCUMENTATION DONT DRAWINGS DRIVES EACH EAST EDUCATIONAL EFFECTS ELEVEN ENTER ETC EUROPE EVEN EVENMOREWORDS EXCELLENT EXIST FAVORITE FIGURE FIND FINE FIVE FLIGHT FLOPPY FOLLOW FOR FROM FUN GAME GAMEPLAY GAMES GENDER GEOGRAPHY GERMANY GET GOING GOOD GRAPHICS GREAT GUMSHOE HAIR HARD HARPSICHORD HAS HAVE HEAD HEAR HELP HERSELF HIDEOUT HIM HIS HUNDRED I IF II IN INCLUDES INFORMATION INTERESTING INTERFACE INTO IS IT ITS IVE JUST KEY KEYBOARD KILOBYTE KILOBYTES LEFT LOOKS LOSE LOVE LUCK MAC MACHINES MACINTOSH MACS MAKE MALE MANUAL MAP MAYBE MCNALLY MIGHT MINIMUM MONDAY MORE MOST MOVIE MUST NAME NEED NEW NOT OBJECT OF OFFERS OFFICE ON ONE ONLY OPERATIONAL OR OTHER OUT PAYS PHONE PICK PICTURE PIECE PLACES PLANE PLAYER PLAYERS PLAYS PLUS PM PROGRAM PROTECTION PROVIDES PUBLISHED QUICK RAM RAND RECEIVED REFERENCE REGARDING REQUIRE REQUIRES REVIEW RIGHT RINGING RUNS RUSH SANDIEGO SANDIEGOS SEQUENCES SHORT SHOULD SIGN SINGLE SMALL SMOOTH SO SOME SOUND SPECIFICALLY START STARTED STOLEN SWEAR TEACHING TELEPHONE TEST THAN THAT THE THEM THERES THESE THIEF THIS TIME TO TOO TRACK TWELVE TWENTY TWO UNABLE UNDERSTATEMENT UNTIL UP USE USER USES VALID VARIOUS VERSION WALK WARRANT WAS WELL WHERE WHICH WHILE WHITE WILL WITH WORK WORKS YOU YOULL YOUNG YOUR
correct
correct
correct
number of words is 274
correct
count is 2
correct
correct
count is 2
success

not found
number of words is 0

failure
failure
not found
not found
not found
success
not found
not found
success

failure
empty 0
success
success
success
number of words is 5
success
correct
success
number of words is 5
ANDY APPREHEND DETECTIVE EAST GENDER
number of words is 5
success
failure
success
number of words is 7
number of words is 7
correct
ANDY APPREHEND DETECTIVE EAST GENDER MUST TRACK
GENDER

number of words is 7
success
not found
number of words is 8
failure
GENDER
ULTIMATEWORD
correct
GENDER
failure
failure
failure
not found
success
failure
success
count is 1

ANDY APPREHEND DETECTIVE EAST GENDER HARPSICHORD MUST ULTIMATEWORD
number of words is 8
number of words is 8
EAST
success
ANDY APPREHEND AWAY DETECTIVE EAST GENDER HARPSICHORD MUST ULTIMATEWORD
failure

count is 1
empty 0
number of words is 9

failure
failure
not found
not found
count is 1
count is 1
success
success
success
ANDY APPREHEND AWAY CHIEF DETECTIVE EAST GENDER HARPSICHORD MOREWORDS ULTIMATEWORD
empty 0
count is 1
not found

success
not found
not found
not found
MOREWORDS
success
empty 0
success
success
not found
THIEF

number of words is 12
success
number of words is 13
correct
success
success
ANDY AWAY CARMEN CHIEF CRIME DETECTIVE EAST GENDER HARPSICHORD HEAD MOREWORDS PENULTIMATEWORD SANDIEGO THIEF ULTIMATEWORD
ANDY AWAY
number of words is 15
success
success
number of words is 17
success
success
failure
number of words is 19
ANDY AWAY CARMEN CHIEF CRIME DETECTIVE EAST GENDER GUMSHOE HARPSICHORD HEAD HIDEOUT MASKED MOREWORDS MOVIE PENULTIMATEWORD SANDIEGO THIEF ULTIMATEWORD
number of words is 19
count is 1
success
number of words is 20
success
success
failure
correct
failure
ANDY AWAY CARMEN CHIEF CRIME DETECTIVE EAST EUROPE GENDER GUMSHOE HAIR HARPSICHORD HEAD HIDEOUT MASKED MOREWORDS MOVIE PENULTIMATEWORD RIGHT SANDIEGO THIEF ULTIMATEWORD
correct
correct
empty 0
ANDY AWAY CARMEN CHIEF CRIME DETECTIVE EAST EUROPE GENDER GUMSHOE HAIR HARPSICHORD HEAD HIDEOUT MASKED MOREWORDS MOVIE PENULTIMATEWORD RIGHT SANDIEGO THIEF ULTIMATEWORD
failure
success
count is 1
count is 1
success
count is 1
success
failure
success
success

success
success
failure
number of words is 27
failure
success
failure
CARMEN
success
number of words is 27
number of words is 27
success
failure
empty 0
correct
failure
failure
correct
count is 1
number of words is 28
correct
count is 1
correct
number of words is 28
failure
success
failure
ANDY APPREHEND AWAY BACH BERLIN CALL CARMEN CHIEF COLOR CRIME DETECTIVE EAST EUROPE GENDER GUMSHOE HAIR HARPSICHORD HEAD HIDEOUT LASTWORD MALE MASKED MOVIE PENULTIMATEWORD RIGHT SANDIEGO THIEF TRACK WARRANT
failure
ANDY APPREHEND AWAY BACH BERLIN CALL CARMEN CHIEF COLOR CRIME DETECTIVE EAST EUROPE GENDER GUMSHOE HAIR HARPSICHORD HEAD HIDEOUT LASTWORD MALE MASKED MOVIE PENULTIMATEWORD RIGHT SANDIEGO THIEF TRACK WARRANT
ANDY APPREHEND AWAY BACH BERLIN CALL CARMEN CHIEF COLOR CRIME DETECTIVE EAST EUROPE GENDER GUMSHOE HAIR HARPSICHORD HEAD HIDEOUT LASTWORD MALE MASKED MOVIE PENULTIMATEWORD RIGHT SANDIEGO THIEF TRACK WARRANT
count is 1
correct
number of words is 29
count is 1
number of words is 29
failure
success
ANDY APPREHEND AWAY BACH BERLIN CALL CARMEN CHIEF COLOR CRIME DETECTIVE EAST EUROPE GENDER GUMSHOE HAIR HARPSICHORD HEAD HIDEOUT LASTWORD MALE MASKED MOVIE MUST PENULTIMATEWORD RIGHT SANDIEGO THIEF TRACK WARRANT
empty 0
not found
number of words is 30
count is 1
ANDY
correct
success
empty 0

correct
count is 1
correct
count is 1
count is 1
success
success
success
success
not found
number of words is 0
empty 1
not found

not found
success
success
not found
not found
success
BACH FINALWORD NEWWORD
failure


not found
BACH FINALWORD NEWWORD
failure

