success
N/A N/A N/A N/A N/A N/A
N/A N/A N/A N/A N/A
success
success
N/A N/A N/A N/A
success
-1 -1 -1 -1 -1 -1
success
success
N/A
-1 -1 -1 -1 -1 -1 -1
success
success
-1 -1 -1 -1 -1 -1 -1
success
chicken
chicken
success
success
N/A N/A N/A N/A N/A N/A
lemon N/A N/A N/A N/A N/A
-1 -1 -1 -1 -1 -1 -1 -1 -1
success
-1 -1 -1 -1 -1 -1 -1 -1 -1 -1 -1
success
success
success
-1 -1 -1 -1 -1 -1
-1 -1 -1 -1 -1 -1 -1 -1
chicken
success
N/A N/A N/A N/A N/A N/A N/A N/A N/A N/A
N/A N/A N/A N/A N/A N/A N/A
success
-1 -1 -1 -1 -1 -1 -1
-1 -1 -1 -1 -1 -1 13 -1 -1
success
giraffe
success
chicken
success
success
success
success
success
nectarine
success
success
red fermentum
-1 -1 -1 -1 -1 -1 -1 -1 -1 -1
success
success
-1 -1 -1 -1 -1 -1 -1 -1 26 -1 -1 -1 -1 -1 -1 -1 26 -1 -1 -1 -1 -1 -1
success
-1 -1 -1 -1 -1 -1 -1 -1 -1 -1 -1 -1
N/A N/A N/A N/A N/A N/A
success
success
success
cardinal et sparrow vestibulum posuere a
success
success
coral nectarine cat dog red ut
chicken
chicken
-1 -1 -1 -1 -1 -1 -1 -1 -1
success
hummingbird fermentum silver orange
success
success
-1 -1 7 -1 -1 -1 -1
success
chicken
success
success
success
success
-1 -1 -1 -1 -1 -1
-1 -1 -1 -1 -1 -1
chicken
success
chicken
success
success
chicken
N/A duis elephant cherry omega
success
chicken
elementum scelerisque green crane hendrerit
success
N/A N/A N/A N/A N/A N/A
coral nectarine cat dog red ut brown
-1 -1 -1 -1 -1 -1 -1 -1
-1 -1 -1 -1 23 -1
-1 -1 -1 -1 -1 -1
coral N/A N/A N/A
N/A N/A N/A N/A N/A N/A N/A N/A N/A
success
chicken
N/A N/A N/A N/A N/A N/A N/A N/A N/A N/A N/A N/A N/A
success
-1
-1 -1 -1 -1 -1 -1 -1 -1 -1
-1 -1 -1 -1 -1 -1 -1
success
N/A N/A N/A N/A N/A N/A
vehicula chicken
success
vehicula chicken
success
success
wildebeest sigma upsilon neque hummingbird fermentum silver orange
-1 26 -1 -1
-1 -1 -1 -1 -1 -1
-1 -1 -1 -1 -1 -1 -1 -1 -1
-1 -1 -1 -1 -1 -1 -1
success
success
success
success
success
metus iota tiger cras three stork mu
success
success
success
topaz
topaz
success
failure
elementum scelerisque green crane hendrerit
success
N/A N/A N/A N/A N/A N/A
success
success
N/A N/A N/A N/A N/A
success
success
success
-1 -1 -1 -1 -1 -1
success
vehicula chicken
success
success
tiger
ut
success
success
zucchini enim iaculis N/A N/A
success
success
elementum scelerisque green crane hendrerit
duis elephant cherry omega giraffe crocodile ligula chicken
success
success
brown cardinal et sparrow vestibulum posuere a
success
success
-1 -1 -1 -1 23 28 -1 -1 -1
success
success
psi porta raven pig duck vehicula
success
curabitur yellow tincidunt amber topaz xi dolor
success
success
success
success
success
-1 29 -1 -1
273 985 87 85 -1 2483 116 85 -1
Numerous
zucchini enim iaculis panda
N/A duis elephant cherry omega
success
success
273 1489 -1 -1 10508 197 85 3058 -1
failure
I
failure
102 -1 -1 -1 -1 -1 7 24631 35 -1 150 -1 -1 -1 -1 -1
success
1175 -1 1489 16212 22114 -1
success
honeysuckle turkey pulvinar apple pink convallis monkey
metus iota tiger cras three stork mu
success
success
273 1489 24 1839 10508 197 85 3058 -1
success
I
new lands meet And one he set traveler off He packed his trusty suitcase with
success
I
11971 13472 1460 2235 -1
success
success
-1 255 4345 140 9011 12897 7140 -1
success
failure
success
success
failure
failure
failure
I
success
success
apple pink convallis monkey
success
coral nectarine cat dog red ut brown
1175 -1 12064 861 686 6445 8683 -1
success
success
24400 105 30 -1 850 -1
lemon wildebeest sigma upsilon neque
success
failure
success
81
failure
duis
success
success
I
-1 140 141 85 985 87 85 -1
I
success
I
273 371 87 6061 403 85 -1
success
7430 497 -1 267 -1 255 872 -1
failure
failure
I
I
I
success
failure
success
success
I
failure
N/A
failure
success
273 81 112 341 -1 140 11881 -1
success
102 30 81 87 995 110 -1 279 30 -1
curabitur yellow tincidunt amber topaz xi dolor
-1 -1 -1 -1
success
success
hippo bear macaw rhinoceros
crocodile metus iota tiger cras
failure
cherry
failure
success
success
success
success
failure
success
-1 255 4345 140 9011 12897 7140 -1
success
elementum scelerisque green crane hendrerit metus iota tiger cras three
I
failure
crossed street creating sea
success
failure
curabitur yellow tincidunt amber topaz
I
success
failure
green nectarine cat crane hendrerit
tristique rabbit zeta zebra guinea
failure
failure
failure
success
I
N/A duis elephant cherry omega giraffe
neque hummingbird fermentum silver orange
failure
success
I
vestibulum posuere a elementum scelerisque
success
I
honeysuckle turkey pulvinar apple pink convallis monkey
273 1489 -1 -1 10508 197 85 3058 -1
success
failure
monkey zucchini elephant enim iaculis panda hippo bear macaw rhinoceros amet bird mango world blue lacus strawberry the joy
failure
I
monkey towering skyscrapers delicious tried sushi for first time devouring plate
failure
success
I
I
I
failure
-1 255 4345 140 9011 12897 7140 -1
success
10362 4969 110 -1 11368 258 -1
failure
success
failure
I
success
success
success
failure
failure
-1 105 -1 -1 105 -1
success
success
success
elementum scelerisque green crane hendrerit
success
cardinal et sparrow vestibulum posuere a
failure
success
the joy of random word
rutrum pansy tristique rabbit zeta zebra guinea
-1 87 995 -1 12404 255 -1
metus iota tiger cras three stork mu
you on whimsical journey to
273 1489 24 1839 10508 197 85 3058 -1
curabitur yellow tincidunt amber topaz xi dolor
failure
failure
533 8593 -1 308 5209 -1 30 2358 196 1193 394 96 -1
rutrum pansy tristique rabbit zeta zebra guinea
success
success
success
I
failure
failure
failure
stork humanity that stretched eye could
failure
-1 -1 -1 -1 -1 -1
failure
rutrum pansy tristique rabbit zeta zebra guinea
success
273 -1 -1 -1 54 110 255 15310 -1
failure
cardinal et sparrow vestibulum posuere a
-1 65 26 -1 -1 -1
failure
591 5445 -1 612 5445 93 -1
xi dolor honeysuckle turkey pulvinar
failure
success
I
-1 24659 15 -1
failure
I
-1 -1 -1 9105 16212 -1
watched thousands zucchini people
533 3240 263 327 913 1546 247 369 113 -1
102 -1 -1 -1 23 -1 -1 51 48 -1
273 -1 85 -1 -1 85 -1 -1
failure
failure
130 295 258 629 -1 -1 -1 95 1913 279 -1
18846 93 -1 -1 -1 250 93 -1
I
I
duis elephant cherry omega giraffe crocodile ligula chicken lemon wildebeest
-1 -1 24633 30 -1 -1 -1
failure
success
failure
I
lived curious traveler named Bert was man eager explore
duis brown cardinal et chicken sparrow
success
success
success
success
I
failure
failure
failure
success
I
-1 255 4345 140 9011 12897 7140 -1
success
-1 24642 24631 -1 28030 24659 7 -1 -1
I
I
failure
failure
success
success
success
failure
success
success
7430 497 -1 267 27369 255 872 -1
success
failure
I
three stork mu psi porta raven pig
I
success
success
success
elephant
success
beakers
failure
I
duis elephant cherry omega giraffe crocodile ligula chicken lemon wildebeest
I
273 9011 10320 1896 3129 -1
success
I
success
I
-1 -1 -1 -1 651 78 -1 651 -1 -1 -1 -1
success
failure
success
failure
duis elephant cherry omega giraffe crocodile ligula chicken lemon wildebeest
success
1175 -1 12064 861 686 6445 8683 -1
-1 1064 255 872 -1 87 -1
success
success
-1 68 -1 23 -1 -1
success
273 -1 174 684 99 4939 140 85 196 110 140 430 4920 -1
failure
16753
success
failure
failure
coral nectarine cat dog red ut
I
success
failure
failure
-1 156 -1 110 -1 156 -1
success
success
success
success
success
I
coral nectarine cat dog red ut brown
failure
duis elephant cherry omega giraffe
land far In where skies are always
success
failure
success
failure
failure
I
I
failure
-1 28074 -1 36 23 -1
failure
success
crocodile ligula chicken lemon wildebeest sigma upsilon
success
success
-1 1064 255 872 -1 87 -1
success
I
stork mu psi porta raven pig duck
273 9011 10320 1896 3129 -1
failure
I
failure
failure
coral nectarine cat dog red ut brown
success
success
success
failure
-1 -1 28083 -1
success
7466 85 985 87 85 -1 192 22 99 24648 -1
failure
success
273 9011 10320 1896 3129 -1
success
-1 24633 62 651 -1 24653 28069 -1
success
-1 -1 28019 24667 28040 -1 28037 71 35 -1 116 58 7 13257 -1 -1
success
failure
success
success
failure
success
success
zucchini enim iaculis panda hippo
duck vehicula rutrum pansy
cardinal et sparrow vestibulum posuere a
success
-1 28026 -1 -1
honeysuckle turkey pulvinar apple pink convallis monkey
me take you on
273 1489 24 1839 10508 197 85 3058 -1
success
success
success
failure
1175 -1 1489 16212 22114 -1
failure
I
duis elephant cherry omega giraffe crocodile ligula chicken lemon wildebeest
-1 87 995 -1 12404 255 -1
success
failure
success
I
whimsical journey elephant to land far In
failure
I
273 1489 24 1839 10508 197 85 3058 -1
success
duis elephant cherry omega giraffe crocodile ligula chicken lemon wildebeest
I
success
amet bird mango world blue lacus strawberry
success
success
failure
failure
7430 497 -1 267 27369 255 872 -1
failure
xi dolor honeysuckle turkey pulvinar apple pink convallis
failure
